app/build/intermediates/manifest_merge_blame_file/release/manifest-merger-blame-release-report.txt
1<?xml version="1.0" encoding="utf-8"?>
2<manifest xmlns:android="http://schemas.android.com/apk/res/android"
3    package="com.example.mumu.warehousecheckcar"
4    android:versionCode="1"
5    android:versionName="19.10.09" >
6
7    <uses-sdk
8        android:minSdkVersion="21"
8-->src\main\AndroidManifest.xml
9        android:targetSdkVersion="26" />
9-->src\main\AndroidManifest.xml
10
11    <!-- To auto-complete the email text field in the login form with the user's emails -->
12    <uses-permission android:name="android.permission.GET_ACCOUNTS" />
12-->src\main\AndroidManifest.xml:7:5-71
12-->src\main\AndroidManifest.xml:7:22-68
13    <uses-permission android:name="android.permission.READ_PROFILE" />
13-->src\main\AndroidManifest.xml:8:5-71
13-->src\main\AndroidManifest.xml:8:22-68
14    <uses-permission android:name="android.permission.READ_CONTACTS" />
14-->src\main\AndroidManifest.xml:9:5-72
14-->src\main\AndroidManifest.xml:9:22-69
15    <uses-permission android:name="android.permission.BLUETOOTH" />
15-->src\main\AndroidManifest.xml:10:5-68
15-->src\main\AndroidManifest.xml:10:22-65
16    <uses-permission android:name="android.permission.BLUETOOTH_ADMIN" />
16-->src\main\AndroidManifest.xml:11:5-74
16-->src\main\AndroidManifest.xml:11:22-71
17    <uses-permission android:name="android.permission.BLUETOOTH_PRIVILEGED" />
17-->src\main\AndroidManifest.xml:12:5-13:47
17-->src\main\AndroidManifest.xml:12:22-76
18    <uses-permission android:name="android.permission.VIBRATE" />
18-->src\main\AndroidManifest.xml:14:5-66
18-->src\main\AndroidManifest.xml:14:22-63
19    <uses-permission android:name="android.permission.WRITE_EXTERNAL_STORAGE" />
19-->src\main\AndroidManifest.xml:15:5-81
19-->src\main\AndroidManifest.xml:15:22-78
20    <uses-permission android:name="android.permission.MOUNT_UNMOUNT_FILESYSTEMS" />
20-->src\main\AndroidManifest.xml:16:5-17:47
20-->src\main\AndroidManifest.xml:16:22-81
21    <!-- 允许应用程序改变网络状态 -->
22    <uses-permission android:name="android.permission.CHANGE_NETWORK_STATE" />
22-->src\main\AndroidManifest.xml:19:5-79
22-->src\main\AndroidManifest.xml:19:22-76
23    <!-- 允许应用程序改变WIFI连接状态 -->
24    <uses-permission android:name="android.permission.CHANGE_WIFI_STATE" />
24-->src\main\AndroidManifest.xml:21:5-76
24-->src\main\AndroidManifest.xml:21:22-73
25
26    <!-- 允许应用程序访问有关的网络信息 -->
27    <uses-permission android:name="android.permission.ACCESS_NETWORK_STATE" />
27-->src\main\AndroidManifest.xml:24:5-79
27-->src\main\AndroidManifest.xml:24:22-76
28
29    <!-- 允许应用程序访问WIFI网卡的网络信息 -->
30    <uses-permission android:name="android.permission.ACCESS_WIFI_STATE" />
30-->src\main\AndroidManifest.xml:27:5-76
30-->src\main\AndroidManifest.xml:27:22-73
31
32    <!-- 允许应用程序完全使用网络 -->
33    <uses-permission android:name="android.permission.INTERNET" />
33-->src\main\AndroidManifest.xml:30:5-67
33-->src\main\AndroidManifest.xml:30:22-64
34    <uses-permission android:name="android.permission.READ_PHONE_STATE" />
34-->src\main\AndroidManifest.xml:31:5-75
34-->src\main\AndroidManifest.xml:31:22-72
35    <uses-permission android:name="android.permission.WRITE_EXTERNAL_STORAGE" />
35-->src\main\AndroidManifest.xml:15:5-81
35-->src\main\AndroidManifest.xml:15:22-78
36    <uses-permission android:name="android.permission.ACCESS_FINE_LOCATION" />
36-->src\main\AndroidManifest.xml:33:5-79
36-->src\main\AndroidManifest.xml:33:22-76
37    <uses-permission android:name="android.permission.CAMERA" />
37-->src\main\AndroidManifest.xml:34:5-65
37-->src\main\AndroidManifest.xml:34:22-62
38
39    <application
39-->src\main\AndroidManifest.xml:36:5-79:19
40        android:name="com.example.mumu.warehousecheckcar.application.App"
40-->src\main\AndroidManifest.xml:43:9-40
41        android:allowBackup="true"
41-->src\main\AndroidManifest.xml:37:9-35
42        android:icon="@mipmap/ic_launcher"
42-->src\main\AndroidManifest.xml:38:9-43
43        android:label="@string/app_name"
43-->src\main\AndroidManifest.xml:39:9-41
44        android:roundIcon="@mipmap/ic_launcher_round"
44-->src\main\AndroidManifest.xml:40:9-54
45        android:supportsRtl="true"
45-->src\main\AndroidManifest.xml:41:9-35
46        android:theme="@style/AppTheme" >
46-->src\main\AndroidManifest.xml:42:9-40
47        <activity
47-->src\main\AndroidManifest.xml:44:9-53:20
48            android:name="com.example.mumu.warehousecheckcar.activity.LoginActivity"
48-->src\main\AndroidManifest.xml:45:13-51
49            android:label="@string/app_name"
49-->src\main\AndroidManifest.xml:46:13-45
50            android:windowSoftInputMode="adjustPan" >
50-->src\main\AndroidManifest.xml:47:13-52
51            <intent-filter>
51-->src\main\AndroidManifest.xml:48:13-52:29
52                <action android:name="android.intent.action.MAIN" />
52-->src\main\AndroidManifest.xml:49:17-69
52-->src\main\AndroidManifest.xml:49:25-66
53
54                <category android:name="android.intent.category.LAUNCHER" />
54-->src\main\AndroidManifest.xml:51:17-77
54-->src\main\AndroidManifest.xml:51:27-74
55            </intent-filter>
56        </activity>
57        <activity
57-->src\main\AndroidManifest.xml:54:9-58:54
58            android:name="com.example.mumu.warehousecheckcar.activity.Main2Activity"
58-->src\main\AndroidManifest.xml:55:13-51
59            android:label="@string/title_activity_main2"
59-->src\main\AndroidManifest.xml:56:13-57
60            android:theme="@style/AppTheme.NoActionBar"
60-->src\main\AndroidManifest.xml:57:13-56
61            android:windowSoftInputMode="adjustPan" />
61-->src\main\AndroidManifest.xml:58:13-52
62        <activity
62-->src\main\AndroidManifest.xml:59:9-62:54
63            android:name="com.example.mumu.warehousecheckcar.zxing.CaptureActivity"
63-->src\main\AndroidManifest.xml:60:13-50
64            android:screenOrientation="portrait"
64-->src\main\AndroidManifest.xml:61:13-49
65            android:windowSoftInputMode="adjustPan" />
65-->src\main\AndroidManifest.xml:62:13-52
66        <!-- 定义FileProvider 7.0版本更新 -->
67        <provider
67-->src\main\AndroidManifest.xml:64:9-72:20
68            android:name="android.support.v4.content.FileProvider"
68-->src\main\AndroidManifest.xml:65:13-67
69            android:authorities="com.ma.update.fileprovider"
69-->src\main\AndroidManifest.xml:66:13-61
70            android:exported="false"
70-->src\main\AndroidManifest.xml:67:13-37
71            android:grantUriPermissions="true" >
71-->src\main\AndroidManifest.xml:68:13-47
72            <meta-data
72-->src\main\AndroidManifest.xml:69:13-71:53
73                android:name="android.support.FILE_PROVIDER_PATHS"
73-->src\main\AndroidManifest.xml:70:17-67
74                android:resource="@xml/filepaths" />
74-->src\main\AndroidManifest.xml:71:17-50
75        </provider>
76
77        <service
77-->src\main\AndroidManifest.xml:74:9-78:19
78            android:name="com.example.mumu.warehousecheckcar.service.BluetoothLeService"
78-->src\main\AndroidManifest.xml:75:13-55
79            android:enabled="true" >
79-->src\main\AndroidManifest.xml:76:13-35
80        </service>
81
82        <meta-data
82-->[com.android.support:design:26.1.0] AndroidManifest.xml:26:9-28:38
83            android:name="android.support.VERSION"
83-->[com.android.support:design:26.1.0] AndroidManifest.xml:27:13-51
84            android:value="26.1.0" />
84-->[com.android.support:design:26.1.0] AndroidManifest.xml:28:13-35
85        <meta-data
85-->[android.arch.lifecycle:runtime:1.0.0] AndroidManifest.xml:25:9-27:47
86            android:name="android.arch.lifecycle.VERSION"
86-->[android.arch.lifecycle:runtime:1.0.0] AndroidManifest.xml:26:13-58
87            android:value="27.0.0-SNAPSHOT" />
87-->[android.arch.lifecycle:runtime:1.0.0] AndroidManifest.xml:27:13-44
88    </application>
89
90</manifest>